[debug] [2019-04-27T03:15:00.726Z] ----------------------------------------------------------------------
[debug] [2019-04-27T03:15:00.728Z] Command:       C:\Program Files\nodejs\node.exe C:\Users\edwin.sanchez\AppData\Roaming\npm\node_modules\firebase-tools\lib\bin\firebase.js init
[debug] [2019-04-27T03:15:00.728Z] CLI Version:   6.7.1
[debug] [2019-04-27T03:15:00.728Z] Platform:      win32
[debug] [2019-04-27T03:15:00.728Z] Node Version:  v9.0.0
[debug] [2019-04-27T03:15:00.729Z] Time:          Fri Apr 26 2019 22:15:00 GMT-0500 (Central Daylight Time (Mexico))
[debug] [2019-04-27T03:15:00.729Z] ----------------------------------------------------------------------
[debug] 
[debug] [2019-04-27T03:15:00.739Z] > command requires scopes: ["email","openid","https://www.googleapis.com/auth/cloudplatformprojects.readonly","https://www.googleapis.com/auth/firebase","https://www.googleapis.com/auth/cloud-platform"]
[debug] [2019-04-27T03:15:00.740Z] > authorizing via signed-in user
[info] 
     ######## #### ########  ######## ########     ###     ######  ########
     ##        ##  ##     ## ##       ##     ##  ##   ##  ##       ##
     ######    ##  ########  ######   ########  #########  ######  ######
     ##        ##  ##    ##  ##       ##     ## ##     ##       ## ##
     ##       #### ##     ## ######## ########  ##     ##  ######  ########

You're about to initialize a Firebase project in this directory:

  C:\ScrumAgenda

Before we get started, keep in mind:

  * You are currently outside your home directory
  * You are initializing in an existing Firebase project directory

[debug] [2019-04-27T03:15:51.297Z] ----------------------------------------------------------------------
[debug] [2019-04-27T03:15:51.300Z] Command:       C:\Program Files\nodejs\node.exe C:\Users\edwin.sanchez\AppData\Roaming\npm\node_modules\firebase-tools\lib\bin\firebase.js serve
[debug] [2019-04-27T03:15:51.300Z] CLI Version:   6.7.1
[debug] [2019-04-27T03:15:51.300Z] Platform:      win32
[debug] [2019-04-27T03:15:51.300Z] Node Version:  v9.0.0
[debug] [2019-04-27T03:15:51.301Z] Time:          Fri Apr 26 2019 22:15:51 GMT-0500 (Central Daylight Time (Mexico))
[debug] [2019-04-27T03:15:51.301Z] ----------------------------------------------------------------------
[debug] 
[debug] [2019-04-27T03:15:51.310Z] > command requires scopes: ["email","openid","https://www.googleapis.com/auth/cloudplatformprojects.readonly","https://www.googleapis.com/auth/firebase","https://www.googleapis.com/auth/cloud-platform"]
[debug] [2019-04-27T03:15:51.311Z] > authorizing via signed-in user
[debug] [2019-04-27T03:15:51.311Z] [iam] checking project agendascrum for permissions ["firebase.projects.get"]
[debug] [2019-04-27T03:15:51.313Z] > refreshing access token with scopes: ["email","https://www.googleapis.com/auth/cloud-platform","https://www.googleapis.com/auth/cloudplatformprojects.readonly","https://www.googleapis.com/auth/firebase","openid"]
[debug] [2019-04-27T03:15:51.314Z] >>> HTTP REQUEST POST https://www.googleapis.com/oauth2/v3/token  
 <request body omitted>
[debug] [2019-04-27T03:15:51.535Z] <<< HTTP RESPONSE 200
[debug] [2019-04-27T03:15:51.598Z] >>> HTTP REQUEST POST https://cloudresourcemanager.googleapis.com/v1/projects/agendascrum:testIamPermissions  

[debug] [2019-04-27T03:15:52.049Z] <<< HTTP RESPONSE 200
[debug] [2019-04-27T03:15:52.051Z] >>> HTTP REQUEST GET https://cloudresourcemanager.googleapis.com/v1/projects/agendascrum  
 
[debug] [2019-04-27T03:15:52.455Z] <<< HTTP RESPONSE 200
[info] 
[info] === Serving from 'C:\ScrumAgenda'...
[info] 
[debug] [2019-04-27T03:15:52.459Z] >>> HTTP REQUEST GET https://mobilesdk-pa.googleapis.com/v1/projects/377537414985/clients/_:getWebAppConfig  
 
[debug] [2019-04-27T03:15:52.967Z] <<< HTTP RESPONSE 200
[info] i  hosting: Serving hosting files from: build/demo
[info] +  hosting: Local server: http://localhost:5000
[debug] [2019-04-27T03:16:05.885Z] ----------------------------------------------------------------------
[debug] [2019-04-27T03:16:05.887Z] Command:       C:\Program Files\nodejs\node.exe C:\Users\edwin.sanchez\AppData\Roaming\npm\node_modules\firebase-tools\lib\bin\firebase.js serve
[debug] [2019-04-27T03:16:05.887Z] CLI Version:   6.7.1
[debug] [2019-04-27T03:16:05.887Z] Platform:      win32
[debug] [2019-04-27T03:16:05.887Z] Node Version:  v9.0.0
[debug] [2019-04-27T03:16:05.888Z] Time:          Fri Apr 26 2019 22:16:05 GMT-0500 (Central Daylight Time (Mexico))
[debug] [2019-04-27T03:16:05.888Z] ----------------------------------------------------------------------
[debug] 
[debug] [2019-04-27T03:16:05.899Z] > command requires scopes: ["email","openid","https://www.googleapis.com/auth/cloudplatformprojects.readonly","https://www.googleapis.com/auth/firebase","https://www.googleapis.com/auth/cloud-platform"]
[debug] [2019-04-27T03:16:05.899Z] > authorizing via signed-in user
[debug] [2019-04-27T03:16:05.899Z] [iam] checking project agendascrum for permissions ["firebase.projects.get"]
[debug] [2019-04-27T03:16:05.902Z] >>> HTTP REQUEST POST https://cloudresourcemanager.googleapis.com/v1/projects/agendascrum:testIamPermissions  

[debug] [2019-04-27T03:16:06.402Z] <<< HTTP RESPONSE 200
[debug] [2019-04-27T03:16:06.411Z] >>> HTTP REQUEST GET https://cloudresourcemanager.googleapis.com/v1/projects/agendascrum  
 
[debug] [2019-04-27T03:16:07.101Z] <<< HTTP RESPONSE 200
[info] 
[info] === Serving from 'C:\ScrumAgenda'...
[info] 
[debug] [2019-04-27T03:16:07.110Z] >>> HTTP REQUEST GET https://mobilesdk-pa.googleapis.com/v1/projects/377537414985/clients/_:getWebAppConfig  
 
[debug] [2019-04-27T03:16:07.508Z] <<< HTTP RESPONSE 200
[info] i  hosting: Serving hosting files from: build/demo
[info] +  hosting: Local server: http://localhost:5000
[debug] [2019-04-27T03:17:39.524Z] ----------------------------------------------------------------------
[debug] [2019-04-27T03:17:39.531Z] Command:       C:\Program Files\nodejs\node.exe C:\Users\edwin.sanchez\AppData\Roaming\npm\node_modules\firebase-tools\lib\bin\firebase.js serve
[debug] [2019-04-27T03:17:39.532Z] CLI Version:   6.7.1
[debug] [2019-04-27T03:17:39.532Z] Platform:      win32
[debug] [2019-04-27T03:17:39.532Z] Node Version:  v9.0.0
[debug] [2019-04-27T03:17:39.533Z] Time:          Fri Apr 26 2019 22:17:39 GMT-0500 (Central Daylight Time (Mexico))
[debug] [2019-04-27T03:17:39.533Z] ----------------------------------------------------------------------
[debug] 
[debug] [2019-04-27T03:17:39.547Z] > command requires scopes: ["email","openid","https://www.googleapis.com/auth/cloudplatformprojects.readonly","https://www.googleapis.com/auth/firebase","https://www.googleapis.com/auth/cloud-platform"]
[debug] [2019-04-27T03:17:39.548Z] > authorizing via signed-in user
[debug] [2019-04-27T03:17:39.548Z] [iam] checking project agendascrum for permissions ["firebase.projects.get"]
[debug] [2019-04-27T03:17:39.550Z] >>> HTTP REQUEST POST https://cloudresourcemanager.googleapis.com/v1/projects/agendascrum:testIamPermissions  

[debug] [2019-04-27T03:17:39.944Z] <<< HTTP RESPONSE 200
[debug] [2019-04-27T03:17:39.950Z] >>> HTTP REQUEST GET https://cloudresourcemanager.googleapis.com/v1/projects/agendascrum  
 
[debug] [2019-04-27T03:17:40.388Z] <<< HTTP RESPONSE 200
[info] 
[info] === Serving from 'C:\ScrumAgenda'...
[info] 
[debug] [2019-04-27T03:17:40.391Z] >>> HTTP REQUEST GET https://mobilesdk-pa.googleapis.com/v1/projects/377537414985/clients/_:getWebAppConfig  
 
[debug] [2019-04-27T03:17:40.900Z] <<< HTTP RESPONSE 200
[info] +  hosting: Local server: http://localhost:5000
[debug] [2019-04-27T03:18:56.285Z] ----------------------------------------------------------------------
[debug] [2019-04-27T03:18:56.285Z] Command:       C:\Program Files\nodejs\node.exe C:\Users\edwin.sanchez\AppData\Roaming\npm\node_modules\firebase-tools\lib\bin\firebase.js serve
[debug] [2019-04-27T03:18:56.288Z] CLI Version:   6.7.1
[debug] [2019-04-27T03:18:56.288Z] Platform:      win32
[debug] [2019-04-27T03:18:56.288Z] Node Version:  v9.0.0
[debug] [2019-04-27T03:18:56.289Z] Time:          Fri Apr 26 2019 22:18:56 GMT-0500 (Central Daylight Time (Mexico))
[debug] [2019-04-27T03:18:56.289Z] ----------------------------------------------------------------------
[debug] 
[debug] [2019-04-27T03:18:56.299Z] > command requires scopes: ["email","openid","https://www.googleapis.com/auth/cloudplatformprojects.readonly","https://www.googleapis.com/auth/firebase","https://www.googleapis.com/auth/cloud-platform"]
[debug] [2019-04-27T03:18:56.301Z] > authorizing via signed-in user
[debug] [2019-04-27T03:18:56.301Z] [iam] checking project agendascrum for permissions ["firebase.projects.get"]
[debug] [2019-04-27T03:18:56.302Z] >>> HTTP REQUEST POST https://cloudresourcemanager.googleapis.com/v1/projects/agendascrum:testIamPermissions  

[debug] [2019-04-27T03:18:56.772Z] <<< HTTP RESPONSE 200
[debug] [2019-04-27T03:18:56.791Z] >>> HTTP REQUEST GET https://cloudresourcemanager.googleapis.com/v1/projects/agendascrum  
 
[debug] [2019-04-27T03:18:57.190Z] <<< HTTP RESPONSE 200
[info] 
[info] === Serving from 'C:\ScrumAgenda'...
[info] 
[debug] [2019-04-27T03:18:57.194Z] >>> HTTP REQUEST GET https://mobilesdk-pa.googleapis.com/v1/projects/377537414985/clients/_:getWebAppConfig  
 
[debug] [2019-04-27T03:18:57.598Z] <<< HTTP RESPONSE 200
[info] +  hosting: Local server: http://localhost:5000
